c:\users\kornel\source\repos\devox1.0\devox1.0\x64\debug\intermediates\vc143.pdb
c:\users\kornel\source\repos\devox1.0\devox1.0\x64\debug\intermediates\vc143.idb
c:\users\kornel\source\repos\devox1.0\devox1.0\x64\debug\intermediates\memoria_utils.obj
c:\users\kornel\source\repos\devox1.0\devox1.0\x64\debug\intermediates\dll_main.obj
c:\users\kornel\source\repos\devox1.0\devox1.0\x64\debug\intermediates\menu.obj
c:\users\kornel\source\repos\devox1.0\devox1.0\x64\debug\intermediates\interface.obj
c:\users\kornel\source\repos\devox1.0\devox1.0\x64\debug\intermediates\hooks.obj
c:\users\kornel\source\repos\devox1.0\devox1.0\x64\debug\intermediates\imgui_widgets.obj
c:\users\kornel\source\repos\devox1.0\devox1.0\x64\debug\intermediates\imgui_tables.obj
c:\users\kornel\source\repos\devox1.0\devox1.0\x64\debug\intermediates\imgui_impl_win32.obj
c:\users\kornel\source\repos\devox1.0\devox1.0\x64\debug\intermediates\imgui_impl_dx11.obj
c:\users\kornel\source\repos\devox1.0\devox1.0\x64\debug\intermediates\imgui_draw.obj
c:\users\kornel\source\repos\devox1.0\devox1.0\x64\debug\intermediates\imgui_demo.obj
c:\users\kornel\source\repos\devox1.0\devox1.0\x64\debug\intermediates\imgui.obj
c:\users\kornel\source\repos\devox1.0\devox1.0\x64\debug\intermediates\trampoline.obj
c:\users\kornel\source\repos\devox1.0\devox1.0\x64\debug\intermediates\hook.obj
c:\users\kornel\source\repos\devox1.0\devox1.0\x64\debug\intermediates\hde64.obj
c:\users\kornel\source\repos\devox1.0\devox1.0\x64\debug\intermediates\hde32.obj
c:\users\kornel\source\repos\devox1.0\devox1.0\x64\debug\intermediates\buffer.obj
c:\users\kornel\source\repos\devox1.0\x64\debug\devox1.0.dll
c:\users\kornel\source\repos\devox1.0\x64\debug\devox1.0.pdb
c:\users\kornel\source\repos\devox1.0\devox1.0\x64\debug\intermediates\devox1.0.ilk
c:\users\kornel\source\repos\devox1.0\devox1.0\x64\debug\intermediates\devox1.0.tlog\cl.command.1.tlog
c:\users\kornel\source\repos\devox1.0\devox1.0\x64\debug\intermediates\devox1.0.tlog\cl.items.tlog
c:\users\kornel\source\repos\devox1.0\devox1.0\x64\debug\intermediates\devox1.0.tlog\cl.read.1.tlog
c:\users\kornel\source\repos\devox1.0\devox1.0\x64\debug\intermediates\devox1.0.tlog\cl.write.1.tlog
c:\users\kornel\source\repos\devox1.0\devox1.0\x64\debug\intermediates\devox1.0.tlog\link.command.1.tlog
c:\users\kornel\source\repos\devox1.0\devox1.0\x64\debug\intermediates\devox1.0.tlog\link.read.1.tlog
c:\users\kornel\source\repos\devox1.0\devox1.0\x64\debug\intermediates\devox1.0.tlog\link.secondary.1.tlog
c:\users\kornel\source\repos\devox1.0\devox1.0\x64\debug\intermediates\devox1.0.tlog\link.write.1.tlog
